<?xml version="1.0" encoding="UTF-8"?>
<!-- Generated by org.testng.reporters.JUnitReportReporter -->
<testsuite skipped="0" hostname="Latitude3400" name="day2.API3Negative" tests="5" failures="0" timestamp="08 Oct 2021 07:21:24 GMT" time="4.558" errors="0">
  <testcase name="addContact4" time="0.453" classname="day2.API3Negative"/>
  <testcase name="addContact1" time="2.763" classname="day2.API3Negative"/>
  <testcase name="recordNotFound" time="0.447" classname="day2.API3Negative"/>
  <testcase name="addContact2" time="0.454" classname="day2.API3Negative"/>
  <testcase name="addContact3" time="0.441" classname="day2.API3Negative"/>
</testsuite> <!-- day2.API3Negative -->
