<?xml version="1.0" encoding="UTF-8"?>
<!-- Generated by org.testng.reporters.JUnitReportReporter -->
<testsuite skipped="1" hostname="Latitude3400" name="day2.API3GitHub" tests="2" failures="0" timestamp="08 Oct 2021 09:57:51 GMT" time="1.474" errors="0">
  <testcase name="gettingAllRepository" time="1.474" classname="day2.API3GitHub"/>
  <testcase name="createRepository" classname="day2.API3GitHub">
    <skipped/>
  </testcase> <!-- createRepository -->
</testsuite> <!-- day2.API3GitHub -->
