<?xml version="1.0" encoding="UTF-8"?>
<!-- Generated by org.testng.reporters.JUnitReportReporter -->
<testsuite skipped="2" hostname="Latitude3400" name="Day1.API1" tests="4" failures="0" timestamp="07 Oct 2021 13:27:44 GMT" time="3.050" errors="0">
  <testcase name="getWeather4" time="0.819" classname="Day1.API1"/>
  <testcase name="getWeather" time="2.231" classname="Day1.API1"/>
  <testcase name="getWeather2" classname="Day1.API1">
    <skipped/>
  </testcase> <!-- getWeather2 -->
  <testcase name="getWeather3" classname="Day1.API1">
    <skipped/>
  </testcase> <!-- getWeather3 -->
</testsuite> <!-- Day1.API1 -->
