<?xml version="1.0" encoding="UTF-8"?>
<!-- Generated by org.testng.reporters.JUnitReportReporter -->
<testsuite skipped="2" hostname="Latitude3400" name="day2.API2" tests="7" failures="0" timestamp="08 Oct 2021 06:13:12 GMT" time="3.896" errors="0">
  <testcase name="addContact" time="2.530" classname="day2.API2"/>
  <testcase name="getSpecificContact2" time="0.474" classname="day2.API2"/>
  <testcase name="deleteContact" time="0.430" classname="day2.API2"/>
  <testcase name="display" time="0.003" classname="day2.API2"/>
  <testcase name="modifyContact" time="0.459" classname="day2.API2"/>
  <testcase name="getContactListInfo" classname="day2.API2">
    <skipped/>
  </testcase> <!-- getContactListInfo -->
  <testcase name="getSpesificContact" classname="day2.API2">
    <skipped/>
  </testcase> <!-- getSpesificContact -->
</testsuite> <!-- day2.API2 -->
